<?xml version="1.0" encoding="UTF-8"?>
<!-- Generated by org.testng.reporters.JUnitXMLReporter -->
<testsuite ignored="0" hostname="DESKTOP-97NKLTU" failures="0" tests="3" name="Default test" time="0.155" errors="0" timestamp="2024-12-24T18:56:33 IST">
  <testcase classname="test.day3" name="loginAPIcarloan" time="0.034"/>
  <testcase classname="test.day3" name="mobilecarloan" time="0.009"/>
  <testcase classname="test.day3" name="weblogincarloan" time="0.003"/>
</testsuite> <!-- Default test -->
