<?xml version="1.0" encoding="UTF-8"?>
<!-- Generated by org.testng.reporters.JUnitXMLReporter -->
<testsuite ignored="2" hostname="DESKTOP-97NKLTU" failures="0" tests="5" name="Car Loan" time="0.286" errors="0" timestamp="2024-12-26T10:56:55 IST">
  <testcase classname="test.day3" name="MobileLogincarLoan" time="0.063"/>
  <testcase classname="test.day3" name="MobilesignoutcarLoan" time="0.015"/>
  <testcase classname="test.day3" name="MobilesignoutcarLoan" time="0.004"/>
  <testcase classname="test.day3" name="MobilesignoutcarLoan" time="0.015"/>
  <testcase classname="test.day3" name="WebloginCarLoan" time="0.002"/>
  <testcase classname="test.day3" name="APIcarLoan" time="0.0">
    <ignored/>
  </testcase> <!-- APIcarLoan -->
  <testcase classname="test.day3" name="MobilesignimcarLoan" time="0.0">
    <ignored/>
  </testcase> <!-- MobilesignimcarLoan -->
</testsuite> <!-- Car Loan -->
